{
"contracts/Contract.sol":{"l":{"11":3,"15":1,"19":5,"23":3,"31":2,"39":0,"43":5,"47":3,"51":1,"55":1,"63":2,"71":2},"path":"/home/leo/Documents/BlockChain_Development/Advanced_Smart_Contract/stringLibrary/contracts/Contract.sol","s":{"1":3,"2":1,"3":5,"4":3,"5":2,"6":0,"7":5,"8":3,"9":1,"10":1,"11":2,"12":2},"b":{},"f":{"1":3,"2":1,"3":5,"4":3,"5":2,"6":0,"7":5,"8":3,"9":1,"10":1,"11":2,"12":2},"fnMap":{"1":{"name":"concatAssembly","line":10,"loc":{"start":{"line":10,"column":4},"end":{"line":10,"column":66}}},"2":{"name":"concatNonAssembly","line":14,"loc":{"start":{"line":14,"column":4},"end":{"line":14,"column":69}}},"3":{"name":"charAtAssembly","line":18,"loc":{"start":{"line":18,"column":4},"end":{"line":18,"column":64}}},"4":{"name":"charAtNonAssembly","line":22,"loc":{"start":{"line":22,"column":4},"end":{"line":22,"column":67}}},"5":{"name":"sliceAssembly","line":26,"loc":{"start":{"line":26,"column":4},"end":{"line":30,"column":14}}},"6":{"name":"sliceNonAssembly","line":34,"loc":{"start":{"line":34,"column":4},"end":{"line":38,"column":14}}},"7":{"name":"sliceAssembly","line":42,"loc":{"start":{"line":42,"column":4},"end":{"line":42,"column":63}}},"8":{"name":"sliceNonAssembly","line":46,"loc":{"start":{"line":46,"column":4},"end":{"line":46,"column":66}}},"9":{"name":"lengthAssembly","line":50,"loc":{"start":{"line":50,"column":4},"end":{"line":50,"column":49}}},"10":{"name":"lengthNonAssembly","line":54,"loc":{"start":{"line":54,"column":4},"end":{"line":54,"column":52}}},"11":{"name":"matchAssembly","line":58,"loc":{"start":{"line":58,"column":4},"end":{"line":62,"column":5}}},"12":{"name":"matchNonAssembly","line":66,"loc":{"start":{"line":66,"column":4},"end":{"line":70,"column":5}}}},"statementMap":{"1":{"start":{"line":11,"column":8},"end":{"line":11,"column":39}},"2":{"start":{"line":15,"column":8},"end":{"line":15,"column":50}},"3":{"start":{"line":19,"column":8},"end":{"line":19,"column":43}},"4":{"start":{"line":23,"column":8},"end":{"line":23,"column":54}},"5":{"start":{"line":31,"column":8},"end":{"line":31,"column":57}},"6":{"start":{"line":39,"column":8},"end":{"line":39,"column":68}},"7":{"start":{"line":43,"column":8},"end":{"line":43,"column":42}},"8":{"start":{"line":47,"column":8},"end":{"line":47,"column":53}},"9":{"start":{"line":51,"column":8},"end":{"line":51,"column":42}},"10":{"start":{"line":55,"column":8},"end":{"line":55,"column":53}},"11":{"start":{"line":63,"column":8},"end":{"line":63,"column":47}},"12":{"start":{"line":71,"column":8},"end":{"line":71,"column":58}}},"branchMap":{}},
"contracts/libraryString.sol":{"l":{"10":5,"41":3,"69":2,"78":7,"109":5,"110":5,"113":5,"114":1,"122":1},"path":"/home/leo/Documents/BlockChain_Development/Advanced_Smart_Contract/stringLibrary/contracts/libraryString.sol","s":{"1":2,"2":5,"3":5,"4":1},"b":{},"f":{"1":5,"2":3,"3":2,"4":7,"5":5,"6":1},"fnMap":{"1":{"name":"charAt","line":5,"loc":{"start":{"line":5,"column":4},"end":{"line":9,"column":5}}},"2":{"name":"concat","line":36,"loc":{"start":{"line":36,"column":4},"end":{"line":40,"column":5}}},"3":{"name":"matchStrings","line":64,"loc":{"start":{"line":64,"column":4},"end":{"line":68,"column":5}}},"4":{"name":"slice","line":73,"loc":{"start":{"line":73,"column":4},"end":{"line":77,"column":5}}},"5":{"name":"slice","line":104,"loc":{"start":{"line":104,"column":4},"end":{"line":108,"column":5}}},"6":{"name":"length","line":117,"loc":{"start":{"line":117,"column":4},"end":{"line":121,"column":5}}}},"statementMap":{"1":{"start":{"line":69,"column":8},"end":{"line":69,"column":1950}},"2":{"start":{"line":109,"column":8},"end":{"line":109,"column":27}},"3":{"start":{"line":113,"column":8},"end":{"line":113,"column":48}},"4":{"start":{"line":114,"column":8},"end":{"line":114,"column":21}}},"branchMap":{}},
"contracts/libraryStringNonAssembly.sol":{"l":{"10":3,"11":3,"15":1,"16":1,"17":1,"18":1,"26":1,"34":2,"43":1,"47":1,"48":1,"52":1,"53":1,"54":1,"55":1,"56":10,"57":10,"59":1,"67":3,"68":3,"72":1,"76":1,"77":1},"path":"/home/leo/Documents/BlockChain_Development/Advanced_Smart_Contract/stringLibrary/contracts/libraryStringNonAssembly.sol","s":{"1":3,"2":3,"3":1,"4":1,"5":1,"6":1,"7":1,"8":2,"9":1,"10":1,"11":1,"12":1,"13":1,"14":1,"15":1,"16":10,"17":1,"18":3,"19":3,"20":1,"21":1,"22":1},"b":{"1":[1,2],"2":[1,0],"3":[1,0],"4":[1,2]},"f":{"1":3,"2":1,"3":2,"4":1,"5":3,"6":1},"fnMap":{"1":{"name":"charAt","line":5,"loc":{"start":{"line":5,"column":4},"end":{"line":9,"column":5}}},"2":{"name":"concat","line":21,"loc":{"start":{"line":21,"column":4},"end":{"line":25,"column":5}}},"3":{"name":"matchStrings","line":29,"loc":{"start":{"line":29,"column":4},"end":{"line":33,"column":5}}},"4":{"name":"slice","line":38,"loc":{"start":{"line":38,"column":4},"end":{"line":42,"column":5}}},"5":{"name":"slice","line":62,"loc":{"start":{"line":62,"column":4},"end":{"line":66,"column":5}}},"6":{"name":"length","line":75,"loc":{"start":{"line":75,"column":4},"end":{"line":75,"column":68}}}},"statementMap":{"1":{"start":{"line":10,"column":8},"end":{"line":10,"column":42}},"2":{"start":{"line":11,"column":8},"end":{"line":11,"column":245}},"3":{"start":{"line":15,"column":8},"end":{"line":15,"column":45}},"4":{"start":{"line":16,"column":8},"end":{"line":16,"column":44}},"5":{"start":{"line":17,"column":8},"end":{"line":17,"column":32}},"6":{"start":{"line":18,"column":8},"end":{"line":18,"column":29}},"7":{"start":{"line":26,"column":8},"end":{"line":26,"column":55}},"8":{"start":{"line":34,"column":8},"end":{"line":34,"column":891}},"9":{"start":{"line":43,"column":8},"end":{"line":43,"column":1109}},"10":{"start":{"line":47,"column":8},"end":{"line":47,"column":42}},"11":{"start":{"line":48,"column":8},"end":{"line":48,"column":1270}},"12":{"start":{"line":52,"column":8},"end":{"line":52,"column":65}},"13":{"start":{"line":53,"column":8},"end":{"line":53,"column":44}},"14":{"start":{"line":54,"column":8},"end":{"line":54,"column":21}},"15":{"start":{"line":55,"column":8},"end":{"line":55,"column":1529}},"16":{"start":{"line":56,"column":12},"end":{"line":56,"column":36}},"17":{"start":{"line":59,"column":8},"end":{"line":59,"column":29}},"18":{"start":{"line":67,"column":8},"end":{"line":67,"column":42}},"19":{"start":{"line":68,"column":8},"end":{"line":68,"column":1860}},"20":{"start":{"line":72,"column":8},"end":{"line":72,"column":49}},"21":{"start":{"line":76,"column":8},"end":{"line":76,"column":42}},"22":{"start":{"line":77,"column":8},"end":{"line":77,"column":28}}},"branchMap":{"1":{"line":11,"type":"if","locations":[{"start":{"line":11,"column":8},"end":{"line":11,"column":8}},{"start":{"line":11,"column":8},"end":{"line":11,"column":8}}]},"2":{"line":43,"type":"if","locations":[{"start":{"line":43,"column":8},"end":{"line":43,"column":8}},{"start":{"line":43,"column":8},"end":{"line":43,"column":8}}]},"3":{"line":48,"type":"if","locations":[{"start":{"line":48,"column":8},"end":{"line":48,"column":8}},{"start":{"line":48,"column":8},"end":{"line":48,"column":8}}]},"4":{"line":68,"type":"if","locations":[{"start":{"line":68,"column":8},"end":{"line":68,"column":8}},{"start":{"line":68,"column":8},"end":{"line":68,"column":8}}]}}}}
