TN:
SF:/home/leo/Documents/BlockChain_Development/Advanced_Smart_Contract/stringLibrary/contracts/Contract.sol
FN:10,concatAssembly
FN:14,concatNonAssembly
FN:18,charAtAssembly
FN:22,charAtNonAssembly
FN:26,sliceAssembly
FN:34,sliceNonAssembly
FN:42,sliceAssembly
FN:46,sliceNonAssembly
FN:50,lengthAssembly
FN:54,lengthNonAssembly
FN:58,matchAssembly
FN:66,matchNonAssembly
FNF:12
FNH:12
FNDA:3,concatAssembly
FNDA:1,concatNonAssembly
FNDA:5,charAtAssembly
FNDA:3,charAtNonAssembly
FNDA:7,sliceAssembly
FNDA:3,sliceNonAssembly
FNDA:5,sliceAssembly
FNDA:3,sliceNonAssembly
FNDA:1,lengthAssembly
FNDA:1,lengthNonAssembly
FNDA:2,matchAssembly
FNDA:2,matchNonAssembly
DA:11,3
DA:15,1
DA:19,5
DA:23,3
DA:31,7
DA:39,3
DA:43,5
DA:47,3
DA:51,1
DA:55,1
DA:63,2
DA:71,2
LF:12
LH:12
BRF:0
BRH:0
end_of_record
TN:
SF:/home/leo/Documents/BlockChain_Development/Advanced_Smart_Contract/stringLibrary/contracts/libraryString.sol
FN:5,charAt
FN:36,concat
FN:64,matchStrings
FN:73,slice
FN:104,slice
FN:117,length
FNF:6
FNH:6
FNDA:5,charAt
FNDA:3,concat
FNDA:2,matchStrings
FNDA:12,slice
FNDA:5,slice
FNDA:1,length
DA:10,5
DA:41,3
DA:69,2
DA:78,12
DA:109,5
DA:110,5
DA:113,5
DA:114,1
DA:122,1
LF:9
LH:9
BRF:0
BRH:0
end_of_record
TN:
SF:/home/leo/Documents/BlockChain_Development/Advanced_Smart_Contract/stringLibrary/contracts/libraryStringNonAssembly.sol
FN:5,charAt
FN:21,concat
FN:29,matchStrings
FN:38,slice
FN:62,slice
FN:75,length
FNF:6
FNH:6
FNDA:3,charAt
FNDA:1,concat
FNDA:2,matchStrings
FNDA:4,slice
FNDA:3,slice
FNDA:1,length
DA:10,3
DA:11,3
DA:15,1
DA:16,1
DA:17,1
DA:18,1
DA:26,1
DA:34,2
DA:43,4
DA:47,2
DA:48,2
DA:52,2
DA:53,2
DA:54,2
DA:55,2
DA:56,4
DA:57,4
DA:59,2
DA:67,3
DA:68,3
DA:72,1
DA:76,1
DA:77,1
LF:23
LH:23
BRDA:11,1,0,1
BRDA:11,1,1,2
BRDA:43,2,0,2
BRDA:43,2,1,2
BRDA:48,3,0,2
BRDA:48,3,1,0
BRDA:68,4,0,1
BRDA:68,4,1,2
BRF:8
BRH:7
end_of_record
